<?xml version="1.0" encoding="UTF-8"?>
<testsuite name="com.example.project.TestMain" tests="14" skipped="0" failures="0" errors="0" timestamp="2025-02-07T16:46:03" hostname="codespaces-33e435" time="0.232">
  <properties/>
  <testcase name="testNotAlone()" classname="com.example.project.TestMain" time="0.037"/>
  <testcase name="TestShiftLeft()" classname="com.example.project.TestMain" time="0.001"/>
  <testcase name="testParseSentence()" classname="com.example.project.TestMain" time="0.022"/>
  <testcase name="testRemoveDuplicates()" classname="com.example.project.TestMain" time="0.002"/>
  <testcase name="testFix34()" classname="com.example.project.TestMain" time="0.002"/>
  <testcase name="testMode()" classname="com.example.project.TestMain" time="0.096"/>
  <testcase name="testSameFirstLast()" classname="com.example.project.TestMain" time="0.002"/>
  <testcase name="testSwapEnds()" classname="com.example.project.TestMain" time="0.001"/>
  <testcase name="testZeroFront()" classname="com.example.project.TestMain" time="0.001"/>
  <testcase name="testRemove3()" classname="com.example.project.TestMain" time="0.009"/>
  <testcase name="testReverseArray()" classname="com.example.project.TestMain" time="0.0"/>
  <testcase name="testInsertAfterI()" classname="com.example.project.TestMain" time="0.004"/>
  <testcase name="testMoveBWords()" classname="com.example.project.TestMain" time="0.006"/>
  <testcase name="testDuplicateUpperEnd()" classname="com.example.project.TestMain" time="0.001"/>
  <system-out><![CDATA[1 2 3 4 5 6 
8
1 1 1
1
2 1 1
1
2
3 1 1
1
2 2 2
1
2
3
4 1 2
1
2
3
4
5 1 2
1
2
3
4
5 2 2
1
2
3
4
5
6 1 2
1
2
1
1
2
1
--------------------
1 2 6 3 4 5 7 
11
1 1 1
1
2 1 1
1
2
6 1 1
1
2 2 2
1
2
6
3 1 2
1
2
6
3
4 1 2
1
2
6 2 2
1
2
6
3
4
5 1 2
1
2
6
3
4
5 2 2
1
2
6 3 3
1
2
6
3
4
5
7 1 3
1
2
3
1
1
2
1
--------------------
1 2 4 3 
11
1 1 1
1
2 1 1
1 2 2
1
2 2 2
1
2
4 1 2
1 3 3
1
2 3 3
1
2
4 2 3
1 4 4
1 5 5
1
2
4
3 1 5
5
3
2
1
--------------------
1 2 3 4 
11
1 1 1
1
2 1 1
1
2
3 1 1
1
2
3
4 1 1
1
2
3 2 2
1
2 2 2
1 2 2
1
2
3
4 2 2
1 3 3
1
2 3 3
1
2
3 3 3
3
3
3
2
--------------------
1 2 3 4 5 6 
6
1 1 1
1
2 1 1
1
2
3 1 1
1
2
3
4 1 1
1
2
3
4
5 1 1
1
2
3
4
5
6 1 1
1
1
1
1
1
1
--------------------
1 2 3 4 5 6 
18
1 1 1
1 2 2
1
2 1 2
1
2 2 2
1
2
3 1 2
1
2
3 2 2
1
2
3
4 1 2
1
2
3
4 2 2
1
2
3
4
5 1 2
1
2
3
4
5 2 2
1
2
3
4
5
6 1 2
1
2
3
4
5
6 2 2
1 3 3
1
2 3 3
1
2
3 3 3
1
2
3
4 3 3
1
2
3
4
5 3 3
1
2
3
4
5
6 3 3
3
3
3
3
3
3
--------------------
1 2 3 4 5 6 7 
19
1 1 1
1
2 1 1
1
2
3 1 1
1
2
3
4 1 1
1
2
3
4
5 1 1
1
2
3
4
5
6 1 1
1 2 2
1
2 2 2
1
2
3 2 2
1
2
3
4 2 2
1
2
3
4
5 2 2
1
2
3
4
5
6 2 2
1
2
3
4
5
6
7 1 2
1 3 3
1
2 3 3
1
2
3 3 3
1
2
3
4 3 3
1
2
3
4
5 3 3
1
2
3
4
5
6 3 3
3
3
3
3
3
3
1
--------------------
]]></system-out>
  <system-err><![CDATA[]]></system-err>
</testsuite>
